{
"contracts/interfaces/IBridge.sol":{"l":{},"path":"/Users/ignazio/developer/bridge-contract/contracts/interfaces/IBridge.sol","s":{},"b":{},"f":{},"fnMap":{},"statementMap":{},"branchMap":{}},
"contracts/interfaces/IERC20Mintable.sol":{"l":{},"path":"/Users/ignazio/developer/bridge-contract/contracts/interfaces/IERC20Mintable.sol","s":{},"b":{},"f":{},"fnMap":{},"statementMap":{},"branchMap":{}},
"contracts/interfaces/IOwnablePausable.sol":{"l":{},"path":"/Users/ignazio/developer/bridge-contract/contracts/interfaces/IOwnablePausable.sol","s":{},"b":{},"f":{},"fnMap":{},"statementMap":{},"branchMap":{}},
"contracts/interfaces/IStakeManager.sol":{"l":{},"path":"/Users/ignazio/developer/bridge-contract/contracts/interfaces/IStakeManager.sol","s":{},"b":{},"f":{},"fnMap":{},"statementMap":{},"branchMap":{}},
"contracts/interfaces/IStaking.sol":{"l":{},"path":"/Users/ignazio/developer/bridge-contract/contracts/interfaces/IStaking.sol","s":{},"b":{},"f":{},"fnMap":{},"statementMap":{},"branchMap":{}},
"contracts/mock/ERC20.sol":{"l":{"7":2},"path":"/Users/ignazio/developer/bridge-contract/contracts/mock/ERC20.sol","s":{"1":2},"b":{},"f":{"1":2},"fnMap":{"1":{"name":"constructor","line":6,"loc":{"start":{"line":6,"column":4},"end":{"line":8,"column":4}}}},"statementMap":{"1":{"start":{"line":7,"column":8},"end":{"line":7,"column":39}}},"branchMap":{}},
"contracts/mock/StakePrecompile.sol":{"l":{"10":0,"11":0},"path":"/Users/ignazio/developer/bridge-contract/contracts/mock/StakePrecompile.sol","s":{"1":0,"2":0},"b":{"1":[0,0]},"f":{"1":3,"2":0},"fnMap":{"1":{"name":"addStake","line":5,"loc":{"start":{"line":5,"column":4},"end":{"line":7,"column":4}}},"2":{"name":"removeStake","line":9,"loc":{"start":{"line":9,"column":4},"end":{"line":12,"column":4}}}},"statementMap":{"1":{"start":{"line":10,"column":8},"end":{"line":10,"column":61}},"2":{"start":{"line":11,"column":8},"end":{"line":11,"column":42}}},"branchMap":{"1":{"line":11,"type":"if","locations":[{"start":{"line":11,"column":8},"end":{"line":11,"column":8}},{"start":{"line":11,"column":8},"end":{"line":11,"column":8}}]}}},
"contracts/v1/Bridge.sol":{"l":{"41":3,"48":1,"49":1,"51":1,"52":1,"54":1,"55":1,"56":1,"58":1,"59":1,"60":1,"68":4,"72":1,"81":28,"82":1,"85":27,"86":26,"87":25,"89":25,"90":25,"91":24,"92":3,"94":21,"95":12,"96":11,"97":3,"100":9,"106":6,"114":20,"115":20,"124":20,"125":20,"126":20,"132":21,"133":2,"135":19,"136":19,"143":19,"144":1,"146":18,"148":18,"150":18,"151":11,"156":11,"161":11,"162":11,"163":11,"170":11,"172":7,"173":1,"178":6,"179":3,"180":0,"183":3,"186":3,"190":3,"205":47,"210":47,"211":47,"212":46,"214":1,"215":1,"216":1,"217":1,"220":1,"221":1,"225":47,"232":0,"236":0,"240":1,"246":1},"path":"/Users/ignazio/developer/bridge-contract/contracts/v1/Bridge.sol","s":{"1":3,"2":1,"3":1,"4":1,"5":1,"6":1,"7":1,"8":1,"9":1,"10":4,"11":1,"12":28,"13":27,"14":26,"15":25,"16":25,"17":25,"18":24,"19":3,"20":21,"21":12,"22":11,"23":3,"24":9,"25":6,"26":20,"27":20,"28":20,"29":21,"30":19,"31":19,"32":19,"33":18,"34":18,"35":11,"36":11,"37":11,"38":11,"39":11,"40":7,"41":1,"42":6,"43":3,"44":0,"45":3,"46":3,"47":3,"48":47,"49":47,"50":46,"51":1,"52":1,"53":1,"54":47,"55":0,"56":1},"b":{"1":[1,0],"2":[0,1],"3":[0,1],"4":[0,0],"5":[4,1],"6":[1,1],"7":[28,1],"8":[1,27],"9":[1,26],"10":[1,25],"11":[0,25],"12":[1,24],"13":[3,21],"14":[12,9],"15":[1,11],"16":[3,8],"17":[3,6],"18":[21,1],"19":[21,0],"20":[2,19],"21":[1,1],"22":[1,18],"23":[11,7],"24":[1,6],"25":[3,3],"26":[0,3],"27":[0,3],"28":[47,1],"29":[46,1],"30":[1,0],"31":[0,0],"32":[1,0]},"f":{"1":3,"2":1,"3":0,"4":4,"5":1,"6":28,"7":21,"8":19,"9":47,"10":0,"11":0,"12":1,"13":1,"14":0},"fnMap":{"1":{"name":"getWhitelistedTokens","line":40,"loc":{"start":{"line":40,"column":4},"end":{"line":42,"column":4}}},"2":{"name":"initialize","line":47,"loc":{"start":{"line":44,"column":4},"end":{"line":61,"column":4}}},"3":{"name":"_authorizeUpgrade","line":65,"loc":{"start":{"line":63,"column":4},"end":{"line":65,"column":54}}},"4":{"name":"pause","line":67,"loc":{"start":{"line":67,"column":4},"end":{"line":69,"column":4}}},"5":{"name":"unpause","line":71,"loc":{"start":{"line":71,"column":4},"end":{"line":73,"column":4}}},"6":{"name":"requestTransfer","line":80,"loc":{"start":{"line":75,"column":4},"end":{"line":127,"column":4}}},"7":{"name":"executeTransferRequests","line":131,"loc":{"start":{"line":129,"column":4},"end":{"line":138,"column":4}}},"8":{"name":"_processTransferRequest","line":140,"loc":{"start":{"line":140,"column":4},"end":{"line":197,"column":4}}},"9":{"name":"whitelistToken","line":204,"loc":{"start":{"line":200,"column":4},"end":{"line":226,"column":4}}},"10":{"name":"setAuthority","line":231,"loc":{"start":{"line":229,"column":4},"end":{"line":233,"column":4}}},"11":{"name":"getAuthority","line":235,"loc":{"start":{"line":235,"column":4},"end":{"line":237,"column":4}}},"12":{"name":"getAdmin","line":239,"loc":{"start":{"line":239,"column":4},"end":{"line":241,"column":4}}},"13":{"name":"setStakingManager","line":245,"loc":{"start":{"line":243,"column":4},"end":{"line":247,"column":4}}},"14":{"name":null,"line":250,"loc":{"start":{"line":250,"column":4},"end":{"line":250,"column":33}}}},"statementMap":{"1":{"start":{"line":41,"column":8},"end":{"line":41,"column":37}},"2":{"start":{"line":48,"column":8},"end":{"line":48,"column":55}},"3":{"start":{"line":49,"column":8},"end":{"line":49,"column":63}},"4":{"start":{"line":54,"column":8},"end":{"line":54,"column":31}},"5":{"start":{"line":55,"column":8},"end":{"line":55,"column":29}},"6":{"start":{"line":56,"column":8},"end":{"line":56,"column":24}},"7":{"start":{"line":58,"column":8},"end":{"line":58,"column":45}},"8":{"start":{"line":59,"column":8},"end":{"line":59,"column":38}},"9":{"start":{"line":60,"column":8},"end":{"line":60,"column":45}},"10":{"start":{"line":68,"column":8},"end":{"line":68,"column":15}},"11":{"start":{"line":72,"column":8},"end":{"line":72,"column":17}},"12":{"start":{"line":81,"column":8},"end":{"line":81,"column":2769}},"13":{"start":{"line":85,"column":8},"end":{"line":85,"column":55}},"14":{"start":{"line":86,"column":8},"end":{"line":86,"column":47}},"15":{"start":{"line":87,"column":8},"end":{"line":87,"column":60}},"16":{"start":{"line":89,"column":8},"end":{"line":89,"column":57}},"17":{"start":{"line":90,"column":8},"end":{"line":90,"column":62}},"18":{"start":{"line":91,"column":8},"end":{"line":91,"column":3162}},"19":{"start":{"line":92,"column":12},"end":{"line":92,"column":76}},"20":{"start":{"line":94,"column":12},"end":{"line":94,"column":3299}},"21":{"start":{"line":95,"column":16},"end":{"line":95,"column":68}},"22":{"start":{"line":96,"column":16},"end":{"line":96,"column":3433}},"23":{"start":{"line":97,"column":20},"end":{"line":97,"column":74}},"24":{"start":{"line":100,"column":16},"end":{"line":100,"column":3648}},"25":{"start":{"line":106,"column":16},"end":{"line":106,"column":3854}},"26":{"start":{"line":114,"column":8},"end":{"line":114,"column":46}},"27":{"start":{"line":115,"column":8},"end":{"line":115,"column":4087}},"28":{"start":{"line":126,"column":8},"end":{"line":126,"column":39}},"29":{"start":{"line":132,"column":8},"end":{"line":132,"column":4665}},"30":{"start":{"line":135,"column":8},"end":{"line":135,"column":4749}},"31":{"start":{"line":136,"column":12},"end":{"line":136,"column":44}},"32":{"start":{"line":143,"column":8},"end":{"line":143,"column":5008}},"33":{"start":{"line":146,"column":8},"end":{"line":146,"column":65}},"34":{"start":{"line":150,"column":8},"end":{"line":150,"column":5225}},"35":{"start":{"line":151,"column":12},"end":{"line":151,"column":5270}},"36":{"start":{"line":156,"column":12},"end":{"line":156,"column":5439}},"37":{"start":{"line":162,"column":12},"end":{"line":162,"column":56}},"38":{"start":{"line":163,"column":12},"end":{"line":163,"column":5735}},"39":{"start":{"line":170,"column":12},"end":{"line":170,"column":49}},"40":{"start":{"line":172,"column":12},"end":{"line":172,"column":6008}},"41":{"start":{"line":173,"column":16},"end":{"line":173,"column":6053}},"42":{"start":{"line":178,"column":16},"end":{"line":178,"column":6219}},"43":{"start":{"line":179,"column":20},"end":{"line":179,"column":6287}},"44":{"start":{"line":180,"column":24},"end":{"line":180,"column":73}},"45":{"start":{"line":183,"column":24},"end":{"line":183,"column":6516}},"46":{"start":{"line":186,"column":24},"end":{"line":186,"column":61}},"47":{"start":{"line":190,"column":20},"end":{"line":190,"column":6789}},"48":{"start":{"line":205,"column":8},"end":{"line":205,"column":7205}},"49":{"start":{"line":211,"column":8},"end":{"line":211,"column":7405}},"50":{"start":{"line":212,"column":12},"end":{"line":212,"column":48}},"51":{"start":{"line":215,"column":12},"end":{"line":215,"column":7545}},"52":{"start":{"line":216,"column":16},"end":{"line":216,"column":7627}},"53":{"start":{"line":220,"column":20},"end":{"line":220,"column":47}},"54":{"start":{"line":225,"column":8},"end":{"line":225,"column":61}},"55":{"start":{"line":236,"column":8},"end":{"line":236,"column":24}},"56":{"start":{"line":240,"column":8},"end":{"line":240,"column":20}}},"branchMap":{"1":{"line":47,"type":"if","locations":[{"start":{"line":47,"column":15},"end":{"line":47,"column":15}},{"start":{"line":47,"column":15},"end":{"line":47,"column":15}}]},"2":{"line":48,"type":"if","locations":[{"start":{"line":48,"column":8},"end":{"line":48,"column":8}},{"start":{"line":48,"column":8},"end":{"line":48,"column":8}}]},"3":{"line":49,"type":"if","locations":[{"start":{"line":49,"column":8},"end":{"line":49,"column":8}},{"start":{"line":49,"column":8},"end":{"line":49,"column":8}}]},"4":{"line":65,"type":"if","locations":[{"start":{"line":65,"column":24},"end":{"line":65,"column":24}},{"start":{"line":65,"column":24},"end":{"line":65,"column":24}}]},"5":{"line":67,"type":"if","locations":[{"start":{"line":67,"column":30},"end":{"line":67,"column":30}},{"start":{"line":67,"column":30},"end":{"line":67,"column":30}}]},"6":{"line":71,"type":"if","locations":[{"start":{"line":71,"column":32},"end":{"line":71,"column":32}},{"start":{"line":71,"column":32},"end":{"line":71,"column":32}}]},"7":{"line":80,"type":"if","locations":[{"start":{"line":80,"column":23},"end":{"line":80,"column":23}},{"start":{"line":80,"column":23},"end":{"line":80,"column":23}}]},"8":{"line":81,"type":"if","locations":[{"start":{"line":81,"column":8},"end":{"line":81,"column":8}},{"start":{"line":81,"column":8},"end":{"line":81,"column":8}}]},"9":{"line":85,"type":"if","locations":[{"start":{"line":85,"column":8},"end":{"line":85,"column":8}},{"start":{"line":85,"column":8},"end":{"line":85,"column":8}}]},"10":{"line":86,"type":"if","locations":[{"start":{"line":86,"column":8},"end":{"line":86,"column":8}},{"start":{"line":86,"column":8},"end":{"line":86,"column":8}}]},"11":{"line":87,"type":"if","locations":[{"start":{"line":87,"column":8},"end":{"line":87,"column":8}},{"start":{"line":87,"column":8},"end":{"line":87,"column":8}}]},"12":{"line":90,"type":"if","locations":[{"start":{"line":90,"column":8},"end":{"line":90,"column":8}},{"start":{"line":90,"column":8},"end":{"line":90,"column":8}}]},"13":{"line":91,"type":"if","locations":[{"start":{"line":91,"column":8},"end":{"line":91,"column":8}},{"start":{"line":91,"column":8},"end":{"line":91,"column":8}}]},"14":{"line":94,"type":"if","locations":[{"start":{"line":94,"column":12},"end":{"line":94,"column":12}},{"start":{"line":94,"column":12},"end":{"line":94,"column":12}}]},"15":{"line":95,"type":"if","locations":[{"start":{"line":95,"column":16},"end":{"line":95,"column":16}},{"start":{"line":95,"column":16},"end":{"line":95,"column":16}}]},"16":{"line":96,"type":"if","locations":[{"start":{"line":96,"column":16},"end":{"line":96,"column":16}},{"start":{"line":96,"column":16},"end":{"line":96,"column":16}}]},"17":{"line":100,"type":"if","locations":[{"start":{"line":100,"column":16},"end":{"line":100,"column":16}},{"start":{"line":100,"column":16},"end":{"line":100,"column":16}}]},"18":{"line":131,"type":"if","locations":[{"start":{"line":131,"column":23},"end":{"line":131,"column":23}},{"start":{"line":131,"column":23},"end":{"line":131,"column":23}}]},"19":{"line":131,"type":"if","locations":[{"start":{"line":131,"column":48},"end":{"line":131,"column":48}},{"start":{"line":131,"column":48},"end":{"line":131,"column":48}}]},"20":{"line":132,"type":"if","locations":[{"start":{"line":132,"column":8},"end":{"line":132,"column":8}},{"start":{"line":132,"column":8},"end":{"line":132,"column":8}}]},"21":{"line":132,"type":"cond-expr","locations":[{"start":{"line":132,"column":12},"end":{"line":132,"column":28}},{"start":{"line":132,"column":33},"end":{"line":132,"column":70}}]},"22":{"line":143,"type":"if","locations":[{"start":{"line":143,"column":8},"end":{"line":143,"column":8}},{"start":{"line":143,"column":8},"end":{"line":143,"column":8}}]},"23":{"line":150,"type":"if","locations":[{"start":{"line":150,"column":8},"end":{"line":150,"column":8}},{"start":{"line":150,"column":8},"end":{"line":150,"column":8}}]},"24":{"line":172,"type":"if","locations":[{"start":{"line":172,"column":12},"end":{"line":172,"column":12}},{"start":{"line":172,"column":12},"end":{"line":172,"column":12}}]},"25":{"line":178,"type":"if","locations":[{"start":{"line":178,"column":16},"end":{"line":178,"column":16}},{"start":{"line":178,"column":16},"end":{"line":178,"column":16}}]},"26":{"line":179,"type":"if","locations":[{"start":{"line":179,"column":20},"end":{"line":179,"column":20}},{"start":{"line":179,"column":20},"end":{"line":179,"column":20}}]},"27":{"line":186,"type":"if","locations":[{"start":{"line":186,"column":24},"end":{"line":186,"column":24}},{"start":{"line":186,"column":24},"end":{"line":186,"column":24}}]},"28":{"line":204,"type":"if","locations":[{"start":{"line":204,"column":15},"end":{"line":204,"column":15}},{"start":{"line":204,"column":15},"end":{"line":204,"column":15}}]},"29":{"line":211,"type":"if","locations":[{"start":{"line":211,"column":8},"end":{"line":211,"column":8}},{"start":{"line":211,"column":8},"end":{"line":211,"column":8}}]},"30":{"line":216,"type":"if","locations":[{"start":{"line":216,"column":16},"end":{"line":216,"column":16}},{"start":{"line":216,"column":16},"end":{"line":216,"column":16}}]},"31":{"line":231,"type":"if","locations":[{"start":{"line":231,"column":15},"end":{"line":231,"column":15}},{"start":{"line":231,"column":15},"end":{"line":231,"column":15}}]},"32":{"line":245,"type":"if","locations":[{"start":{"line":245,"column":15},"end":{"line":245,"column":15}},{"start":{"line":245,"column":15},"end":{"line":245,"column":15}}]}}},
"contracts/v1/BridgedToken.sol":{"l":{"15":11,"22":12,"29":3,"32":2},"path":"/Users/ignazio/developer/bridge-contract/contracts/v1/BridgedToken.sol","s":{"1":11,"2":12,"3":5,"4":0},"b":{"1":[12,0],"2":[3,0]},"f":{"1":11,"2":12,"3":3,"4":2},"fnMap":{"1":{"name":"constructor","line":14,"loc":{"start":{"line":10,"column":4},"end":{"line":16,"column":4}}},"2":{"name":"mint","line":21,"loc":{"start":{"line":18,"column":4},"end":{"line":23,"column":4}}},"3":{"name":"burnFrom","line":28,"loc":{"start":{"line":25,"column":4},"end":{"line":30,"column":4}}},"4":{"name":"isAdmin","line":31,"loc":{"start":{"line":31,"column":4},"end":{"line":33,"column":4}}}},"statementMap":{"1":{"start":{"line":15,"column":8},"end":{"line":15,"column":44}},"2":{"start":{"line":22,"column":8},"end":{"line":22,"column":24}},"3":{"start":{"line":29,"column":8},"end":{"line":29,"column":26}},"4":{"start":{"line":32,"column":8},"end":{"line":32,"column":51}}},"branchMap":{"1":{"line":21,"type":"if","locations":[{"start":{"line":21,"column":13},"end":{"line":21,"column":13}},{"start":{"line":21,"column":13},"end":{"line":21,"column":13}}]},"2":{"line":28,"type":"if","locations":[{"start":{"line":28,"column":22},"end":{"line":28,"column":22}},{"start":{"line":28,"column":22},"end":{"line":28,"column":22}}]}}},
"contracts/v1/StakeManager.sol":{"l":{"32":1,"33":1,"34":1,"35":1,"36":1,"37":1,"38":1,"42":4,"43":3,"48":3,"51":3,"57":3,"58":3,"62":0,"65":0,"72":0,"73":0,"77":3,"78":3,"79":3,"83":0,"84":0,"87":0,"90":0,"93":0,"94":0,"95":0,"98":0,"99":0,"100":0,"102":0,"106":0,"109":0,"111":0,"112":0,"113":0,"116":0,"123":9,"124":8,"125":2,"126":6,"132":2,"133":1,"134":1},"path":"/Users/ignazio/developer/bridge-contract/contracts/v1/StakeManager.sol","s":{"1":1,"2":1,"3":1,"4":4,"5":3,"6":3,"7":3,"8":0,"9":0,"10":0,"11":3,"12":3,"13":0,"14":0,"15":0,"16":0,"17":0,"18":0,"19":0,"20":0,"21":0,"22":0,"23":0,"24":0,"25":0,"26":0,"27":0,"28":9,"29":8,"30":6,"31":2,"32":1},"b":{"1":[1,0],"2":[1,3],"3":[0,3],"4":[0,0],"5":[3,1],"6":[0,0],"7":[0,0],"8":[0,0],"9":[0,0],"10":[9,1],"11":[1,8],"12":[2,6],"13":[2,1],"14":[1,1],"15":[0,0]},"f":{"1":1,"2":1,"3":4,"4":3,"5":0,"6":3,"7":0,"8":9,"9":2,"10":0},"fnMap":{"1":{"name":"constructor","line":24,"loc":{"start":{"line":24,"column":4},"end":{"line":24,"column":31}}},"2":{"name":"initialize","line":31,"loc":{"start":{"line":26,"column":4},"end":{"line":39,"column":4}}},"3":{"name":"onlyBridge","line":41,"loc":{"start":{"line":41,"column":4},"end":{"line":44,"column":4}}},"4":{"name":"_callStakePrecompile","line":47,"loc":{"start":{"line":47,"column":4},"end":{"line":59,"column":4}}},"5":{"name":"_callUnstakePrecompile","line":61,"loc":{"start":{"line":61,"column":4},"end":{"line":74,"column":4}}},"6":{"name":"stake","line":76,"loc":{"start":{"line":76,"column":4},"end":{"line":80,"column":4}}},"7":{"name":"unstake","line":82,"loc":{"start":{"line":82,"column":4},"end":{"line":118,"column":4}}},"8":{"name":"addBridgeParticipantReward","line":122,"loc":{"start":{"line":120,"column":4},"end":{"line":127,"column":4}}},"9":{"name":"removeBridgeParticipantReward","line":131,"loc":{"start":{"line":129,"column":4},"end":{"line":135,"column":4}}},"10":{"name":"_authorizeUpgrade","line":137,"loc":{"start":{"line":137,"column":4},"end":{"line":137,"column":69}}}},"statementMap":{"1":{"start":{"line":34,"column":8},"end":{"line":34,"column":31}},"2":{"start":{"line":36,"column":8},"end":{"line":36,"column":41}},"3":{"start":{"line":37,"column":8},"end":{"line":37,"column":28}},"4":{"start":{"line":42,"column":8},"end":{"line":42,"column":61}},"5":{"start":{"line":48,"column":8},"end":{"line":48,"column":1810}},"6":{"start":{"line":51,"column":8},"end":{"line":51,"column":1916}},"7":{"start":{"line":57,"column":8},"end":{"line":57,"column":44}},"8":{"start":{"line":62,"column":8},"end":{"line":62,"column":2277}},"9":{"start":{"line":65,"column":8},"end":{"line":65,"column":2383}},"10":{"start":{"line":72,"column":8},"end":{"line":72,"column":46}},"11":{"start":{"line":78,"column":8},"end":{"line":78,"column":35}},"12":{"start":{"line":79,"column":8},"end":{"line":79,"column":39}},"13":{"start":{"line":83,"column":8},"end":{"line":83,"column":50}},"14":{"start":{"line":84,"column":8},"end":{"line":84,"column":77}},"15":{"start":{"line":87,"column":8},"end":{"line":87,"column":3183}},"16":{"start":{"line":90,"column":8},"end":{"line":90,"column":45}},"17":{"start":{"line":95,"column":8},"end":{"line":95,"column":42}},"18":{"start":{"line":98,"column":8},"end":{"line":98,"column":39}},"19":{"start":{"line":99,"column":8},"end":{"line":99,"column":58}},"20":{"start":{"line":100,"column":8},"end":{"line":100,"column":3698}},"21":{"start":{"line":102,"column":8},"end":{"line":102,"column":3824}},"22":{"start":{"line":106,"column":8},"end":{"line":106,"column":3909}},"23":{"start":{"line":109,"column":8},"end":{"line":109,"column":63}},"24":{"start":{"line":111,"column":8},"end":{"line":111,"column":4081}},"25":{"start":{"line":112,"column":12},"end":{"line":112,"column":62}},"26":{"start":{"line":113,"column":12},"end":{"line":113,"column":4224}},"27":{"start":{"line":116,"column":12},"end":{"line":116,"column":74}},"28":{"start":{"line":123,"column":8},"end":{"line":123,"column":64}},"29":{"start":{"line":124,"column":8},"end":{"line":124,"column":4651}},"30":{"start":{"line":126,"column":8},"end":{"line":126,"column":42}},"31":{"start":{"line":132,"column":8},"end":{"line":132,"column":4904}},"32":{"start":{"line":134,"column":8},"end":{"line":134,"column":45}}},"branchMap":{"1":{"line":31,"type":"if","locations":[{"start":{"line":31,"column":15},"end":{"line":31,"column":15}},{"start":{"line":31,"column":15},"end":{"line":31,"column":15}}]},"2":{"line":42,"type":"if","locations":[{"start":{"line":42,"column":8},"end":{"line":42,"column":8}},{"start":{"line":42,"column":8},"end":{"line":42,"column":8}}]},"3":{"line":57,"type":"if","locations":[{"start":{"line":57,"column":8},"end":{"line":57,"column":8}},{"start":{"line":57,"column":8},"end":{"line":57,"column":8}}]},"4":{"line":72,"type":"if","locations":[{"start":{"line":72,"column":8},"end":{"line":72,"column":8}},{"start":{"line":72,"column":8},"end":{"line":72,"column":8}}]},"5":{"line":76,"type":"if","locations":[{"start":{"line":76,"column":66},"end":{"line":76,"column":66}},{"start":{"line":76,"column":66},"end":{"line":76,"column":66}}]},"6":{"line":82,"type":"if","locations":[{"start":{"line":82,"column":60},"end":{"line":82,"column":60}},{"start":{"line":82,"column":60},"end":{"line":82,"column":60}}]},"7":{"line":84,"type":"if","locations":[{"start":{"line":84,"column":8},"end":{"line":84,"column":8}},{"start":{"line":84,"column":8},"end":{"line":84,"column":8}}]},"8":{"line":109,"type":"if","locations":[{"start":{"line":109,"column":8},"end":{"line":109,"column":8}},{"start":{"line":109,"column":8},"end":{"line":109,"column":8}}]},"9":{"line":116,"type":"if","locations":[{"start":{"line":116,"column":12},"end":{"line":116,"column":12}},{"start":{"line":116,"column":12},"end":{"line":116,"column":12}}]},"10":{"line":122,"type":"if","locations":[{"start":{"line":122,"column":15},"end":{"line":122,"column":15}},{"start":{"line":122,"column":15},"end":{"line":122,"column":15}}]},"11":{"line":123,"type":"if","locations":[{"start":{"line":123,"column":8},"end":{"line":123,"column":8}},{"start":{"line":123,"column":8},"end":{"line":123,"column":8}}]},"12":{"line":124,"type":"if","locations":[{"start":{"line":124,"column":8},"end":{"line":124,"column":8}},{"start":{"line":124,"column":8},"end":{"line":124,"column":8}}]},"13":{"line":131,"type":"if","locations":[{"start":{"line":131,"column":15},"end":{"line":131,"column":15}},{"start":{"line":131,"column":15},"end":{"line":131,"column":15}}]},"14":{"line":132,"type":"if","locations":[{"start":{"line":132,"column":8},"end":{"line":132,"column":8}},{"start":{"line":132,"column":8},"end":{"line":132,"column":8}}]},"15":{"line":137,"type":"if","locations":[{"start":{"line":137,"column":58},"end":{"line":137,"column":58}},{"start":{"line":137,"column":58},"end":{"line":137,"column":58}}]}}},
"contracts/v2/BridgeV2.sol":{"l":{"8":0},"path":"/Users/ignazio/developer/bridge-contract/contracts/v2/BridgeV2.sol","s":{"1":0},"b":{"1":[0,0]},"f":{"1":0,"2":0},"fnMap":{"1":{"name":"testUpgrade","line":7,"loc":{"start":{"line":7,"column":4},"end":{"line":9,"column":4}}},"2":{"name":"upgradeInitialize","line":16,"loc":{"start":{"line":11,"column":4},"end":{"line":16,"column":33}}}},"statementMap":{"1":{"start":{"line":8,"column":8},"end":{"line":8,"column":25}}},"branchMap":{"1":{"line":16,"type":"if","locations":[{"start":{"line":16,"column":15},"end":{"line":16,"column":15}},{"start":{"line":16,"column":15},"end":{"line":16,"column":15}}]}}}}
