TN:
SF:/Users/ignazio/developer/bridge-contract/contracts/interfaces/IBridge.sol
FNF:0
FNH:0
LF:0
LH:0
BRF:0
BRH:0
end_of_record
TN:
SF:/Users/ignazio/developer/bridge-contract/contracts/interfaces/IERC20Mintable.sol
FNF:0
FNH:0
LF:0
LH:0
BRF:0
BRH:0
end_of_record
TN:
SF:/Users/ignazio/developer/bridge-contract/contracts/interfaces/IOwnablePausable.sol
FNF:0
FNH:0
LF:0
LH:0
BRF:0
BRH:0
end_of_record
TN:
SF:/Users/ignazio/developer/bridge-contract/contracts/interfaces/IStakeManager.sol
FNF:0
FNH:0
LF:0
LH:0
BRF:0
BRH:0
end_of_record
TN:
SF:/Users/ignazio/developer/bridge-contract/contracts/interfaces/IStaking.sol
FNF:0
FNH:0
LF:0
LH:0
BRF:0
BRH:0
end_of_record
TN:
SF:/Users/ignazio/developer/bridge-contract/contracts/mock/ERC20.sol
FN:6,constructor
FNF:1
FNH:1
FNDA:2,constructor
DA:7,2
LF:1
LH:1
BRF:0
BRH:0
end_of_record
TN:
SF:/Users/ignazio/developer/bridge-contract/contracts/mock/StakePrecompile.sol
FN:5,addStake
FN:9,removeStake
FNF:2
FNH:1
FNDA:3,addStake
FNDA:0,removeStake
DA:10,0
DA:11,0
LF:2
LH:0
BRDA:11,1,0,0
BRDA:11,1,1,0
BRF:2
BRH:0
end_of_record
TN:
SF:/Users/ignazio/developer/bridge-contract/contracts/v1/Bridge.sol
FN:40,getWhitelistedTokens
FN:47,initialize
FN:65,_authorizeUpgrade
FN:67,pause
FN:71,unpause
FN:80,requestTransfer
FN:131,executeTransferRequests
FN:140,_processTransferRequest
FN:204,whitelistToken
FN:231,setAuthority
FN:235,getAuthority
FN:239,getAdmin
FN:245,setStakingManager
FN:250,
FNF:14
FNH:10
FNDA:3,getWhitelistedTokens
FNDA:1,initialize
FNDA:0,_authorizeUpgrade
FNDA:4,pause
FNDA:1,unpause
FNDA:28,requestTransfer
FNDA:21,executeTransferRequests
FNDA:19,_processTransferRequest
FNDA:47,whitelistToken
FNDA:0,setAuthority
FNDA:0,getAuthority
FNDA:1,getAdmin
FNDA:1,setStakingManager
FNDA:0,
DA:41,3
DA:48,1
DA:49,1
DA:51,1
DA:52,1
DA:54,1
DA:55,1
DA:56,1
DA:58,1
DA:59,1
DA:60,1
DA:68,4
DA:72,1
DA:81,28
DA:82,1
DA:85,27
DA:86,26
DA:87,25
DA:89,25
DA:90,25
DA:91,24
DA:92,3
DA:94,21
DA:95,12
DA:96,11
DA:97,3
DA:100,9
DA:106,6
DA:114,20
DA:115,20
DA:124,20
DA:125,20
DA:126,20
DA:132,21
DA:133,2
DA:135,19
DA:136,19
DA:143,19
DA:144,1
DA:146,18
DA:148,18
DA:150,18
DA:151,11
DA:156,11
DA:161,11
DA:162,11
DA:163,11
DA:170,11
DA:172,7
DA:173,1
DA:178,6
DA:179,3
DA:180,0
DA:183,3
DA:186,3
DA:190,3
DA:205,47
DA:210,47
DA:211,47
DA:212,46
DA:214,1
DA:215,1
DA:216,1
DA:217,1
DA:220,1
DA:221,1
DA:225,47
DA:232,0
DA:236,0
DA:240,1
DA:246,1
LF:71
LH:68
BRDA:47,1,0,1
BRDA:47,1,1,0
BRDA:48,2,0,0
BRDA:48,2,1,1
BRDA:49,3,0,0
BRDA:49,3,1,1
BRDA:65,4,0,0
BRDA:65,4,1,0
BRDA:67,5,0,4
BRDA:67,5,1,1
BRDA:71,6,0,1
BRDA:71,6,1,1
BRDA:80,7,0,28
BRDA:80,7,1,1
BRDA:81,8,0,1
BRDA:81,8,1,27
BRDA:85,9,0,1
BRDA:85,9,1,26
BRDA:86,10,0,1
BRDA:86,10,1,25
BRDA:87,11,0,0
BRDA:87,11,1,25
BRDA:90,12,0,1
BRDA:90,12,1,24
BRDA:91,13,0,3
BRDA:91,13,1,21
BRDA:94,14,0,12
BRDA:94,14,1,9
BRDA:95,15,0,1
BRDA:95,15,1,11
BRDA:96,16,0,3
BRDA:96,16,1,8
BRDA:100,17,0,3
BRDA:100,17,1,6
BRDA:131,18,0,21
BRDA:131,18,1,1
BRDA:131,19,0,21
BRDA:131,19,1,0
BRDA:132,20,0,2
BRDA:132,20,1,19
BRDA:132,21,0,1
BRDA:132,21,1,1
BRDA:143,22,0,1
BRDA:143,22,1,18
BRDA:150,23,0,11
BRDA:150,23,1,7
BRDA:172,24,0,1
BRDA:172,24,1,6
BRDA:178,25,0,3
BRDA:178,25,1,3
BRDA:179,26,0,0
BRDA:179,26,1,3
BRDA:186,27,0,0
BRDA:186,27,1,3
BRDA:204,28,0,47
BRDA:204,28,1,1
BRDA:211,29,0,46
BRDA:211,29,1,1
BRDA:216,30,0,1
BRDA:216,30,1,0
BRDA:231,31,0,0
BRDA:231,31,1,0
BRDA:245,32,0,1
BRDA:245,32,1,0
BRF:64
BRH:51
end_of_record
TN:
SF:/Users/ignazio/developer/bridge-contract/contracts/v1/BridgedToken.sol
FN:14,constructor
FN:21,mint
FN:28,burnFrom
FN:31,isAdmin
FNF:4
FNH:4
FNDA:11,constructor
FNDA:12,mint
FNDA:3,burnFrom
FNDA:2,isAdmin
DA:15,11
DA:22,12
DA:29,3
DA:32,2
LF:4
LH:4
BRDA:21,1,0,12
BRDA:21,1,1,0
BRDA:28,2,0,3
BRDA:28,2,1,0
BRF:4
BRH:2
end_of_record
TN:
SF:/Users/ignazio/developer/bridge-contract/contracts/v1/StakeManager.sol
FN:24,constructor
FN:31,initialize
FN:41,onlyBridge
FN:47,_callStakePrecompile
FN:61,_callUnstakePrecompile
FN:76,stake
FN:82,unstake
FN:122,addBridgeParticipantReward
FN:131,removeBridgeParticipantReward
FN:137,_authorizeUpgrade
FNF:10
FNH:7
FNDA:1,constructor
FNDA:1,initialize
FNDA:4,onlyBridge
FNDA:3,_callStakePrecompile
FNDA:0,_callUnstakePrecompile
FNDA:3,stake
FNDA:0,unstake
FNDA:9,addBridgeParticipantReward
FNDA:2,removeBridgeParticipantReward
FNDA:0,_authorizeUpgrade
DA:32,1
DA:33,1
DA:34,1
DA:35,1
DA:36,1
DA:37,1
DA:38,1
DA:42,4
DA:43,3
DA:48,3
DA:51,3
DA:57,3
DA:58,3
DA:62,0
DA:65,0
DA:72,0
DA:73,0
DA:77,3
DA:78,3
DA:79,3
DA:83,0
DA:84,0
DA:87,0
DA:90,0
DA:93,0
DA:94,0
DA:95,0
DA:98,0
DA:99,0
DA:100,0
DA:102,0
DA:106,0
DA:109,0
DA:111,0
DA:112,0
DA:113,0
DA:116,0
DA:123,9
DA:124,8
DA:125,2
DA:126,6
DA:132,2
DA:133,1
DA:134,1
LF:44
LH:23
BRDA:31,1,0,1
BRDA:31,1,1,0
BRDA:42,2,0,1
BRDA:42,2,1,3
BRDA:57,3,0,0
BRDA:57,3,1,3
BRDA:72,4,0,0
BRDA:72,4,1,0
BRDA:76,5,0,3
BRDA:76,5,1,1
BRDA:82,6,0,0
BRDA:82,6,1,0
BRDA:84,7,0,0
BRDA:84,7,1,0
BRDA:109,8,0,0
BRDA:109,8,1,0
BRDA:116,9,0,0
BRDA:116,9,1,0
BRDA:122,10,0,9
BRDA:122,10,1,1
BRDA:123,11,0,1
BRDA:123,11,1,8
BRDA:124,12,0,2
BRDA:124,12,1,6
BRDA:131,13,0,2
BRDA:131,13,1,1
BRDA:132,14,0,1
BRDA:132,14,1,1
BRDA:137,15,0,0
BRDA:137,15,1,0
BRF:30
BRH:16
end_of_record
TN:
SF:/Users/ignazio/developer/bridge-contract/contracts/v2/BridgeV2.sol
FN:7,testUpgrade
FN:16,upgradeInitialize
FNF:2
FNH:0
FNDA:0,testUpgrade
FNDA:0,upgradeInitialize
DA:8,0
LF:1
LH:0
BRDA:16,1,0,0
BRDA:16,1,1,0
BRF:2
BRH:0
end_of_record
